2024-09-16 16:10:57,609 - INFO - Starting deployment of new URL
2024-09-16 16:10:57,639 - ERROR - Failed to deploy new URL
2024-09-16 16:13:04,254 - INFO - Starting deployment of new URL
2024-09-16 16:13:07,139 - ERROR - Failed to deploy new URL
2024-09-16 16:14:51,181 - INFO - Starting deployment of new URL
2024-09-16 16:15:27,026 - INFO - Deployed new URL: https://storageb2812efc83.blob.core.windows.net/$web/index.html?ph0n=1-888-734-0465
2024-09-16 16:27:09,134 - INFO - Starting deployment of new URL
2024-09-16 16:27:48,989 - INFO - Deployed new URL: https://storage667d6a78cd.blob.core.windows.net/$web/index.html?ph0n=1-888-734-0465
2024-09-16 16:29:25,185 - INFO - Starting deployment of new URL
2024-09-16 16:30:04,653 - INFO - Deployed new URL: https://storage4ef48be94c.blob.core.windows.net/$web/index.html?ph0n=1-888-734-0465
2024-09-19 03:41:49,681 - INFO - Starting deployment of new URL
2024-09-19 03:41:49,738 - ERROR - Failed to deploy new URL
Traceback (most recent call last):
  File "E:\New folder\deployment_dashboard\deploy.py", line 22, in deploy_new_url
    website_url = deploy_to_azure()
                  ^^^^^^^^^^^^^^^^^
  File "E:\New folder\deployment_dashboard\az.py", line 138, in main
    local_folder_path = state.get("current_folder", config["local_folder_path"])
                                                    ~~~~~~^^^^^^^^^^^^^^^^^^^^^
KeyError: 'local_folder_path'
2024-09-19 03:43:04,261 - INFO - Starting deployment of new URL
2024-09-19 03:43:44,793 - INFO - Deployed new URL: https://msstoera10r816m826692184.blob.core.windows.net/$web/index.html?ph0n=4259546135
2024-09-19 03:44:16,942 - INFO - Starting deployment of new URL
2024-09-19 03:45:47,099 - INFO - Deployed new URL: https://msstoera9qycg2m126692256.blob.core.windows.net/$web/index.html?ph0n=4259546135
2024-09-19 05:17:26,588 - INFO - Starting deployment of new URL
2024-09-19 05:18:17,131 - INFO - Deployed new URL: https://msstoera5ujqcqqe26697846.blob.core.windows.net/$web/index.html?ph0n=4259546135
2024-09-19 05:46:52,354 - INFO - Starting deployment of new URL
2024-09-19 05:47:43,811 - INFO - Deployed new URL: https://msstoeraupjp3nlp26699612.blob.core.windows.net/$web/index.html?ph0n=4259546135
2024-09-19 05:54:45,054 - INFO - Starting deployment of new URL
2024-09-19 05:55:36,048 - INFO - Deployed new URL: https://msstoerav06o4swt26700085.blob.core.windows.net/$web/index.html?ph0n=4259546135
2024-09-19 01:14:45,169 - INFO - Starting deployment of new URL
2024-09-19 01:15:35,498 - INFO - Deployed new URL: https://msstoeranlyg6jff26708485.blob.core.windows.net/$web/index.html?ph0n=4259546135
2024-09-19 01:15:36,759 - INFO - Starting deployment of new URL
2024-09-19 01:16:27,458 - INFO - Deployed new URL: https://msstoera3pn3uc3426708536.blob.core.windows.net/$web/index.html?ph0n=4259546135
2024-09-19 07:20:00,289 - INFO - Starting deployment of new URL
2024-09-19 07:20:51,738 - INFO - Deployed new URL: https://msstoerame6vld4f26730400.blob.core.windows.net/$web/index.html?ph0n=4259546135
2024-09-19 07:21:05,547 - INFO - Starting deployment of new URL
2024-09-19 07:21:58,322 - INFO - Deployed new URL: https://msstoera00lbhg9426730465.blob.core.windows.net/$web/index.html?ph0n=4259546135
2024-09-19 07:25:04,461 - INFO - Starting deployment of new URL
2024-09-19 07:25:57,334 - INFO - Deployed new URL: https://msstoera6ozqo3yp26730704.blob.core.windows.net/$web/index.html?ph0n=4259546135
2024-09-19 07:27:04,461 - INFO - Starting deployment of new URL
2024-09-19 07:27:55,166 - INFO - Deployed new URL: https://msstoerageiu8nyz26730824.blob.core.windows.net/$web/index.html?ph0n=4259546135
2024-09-19 07:31:04,460 - INFO - Starting deployment of new URL
2024-09-19 07:31:54,982 - INFO - Deployed new URL: https://msstoera0xkurl2826731064.blob.core.windows.net/$web/index.html?ph0n=4259546135
2024-09-19 07:32:15,539 - INFO - Starting deployment of new URL
2024-09-19 07:33:05,905 - INFO - Deployed new URL: https://msstoera0g5ovc0u26731135.blob.core.windows.net/$web/index.html?ph0n=4259546135
2024-09-19 07:36:11,543 - INFO - Starting deployment of new URL
2024-09-19 07:37:04,146 - INFO - Deployed new URL: https://msstoera5n8gkq3826731371.blob.core.windows.net/$web/index.html?ph0n=4259546135
2024-09-19 07:40:11,543 - INFO - Starting deployment of new URL
2024-09-19 07:41:01,418 - INFO - Deployed new URL: https://msstoerapehvgvop26731611.blob.core.windows.net/$web/index.html?ph0n=4259546135
